<?xml version="1.0" encoding="UTF-8"?>
<!-- Generated by org.testng.reporters.JUnitXMLReporter -->
<testsuite hostname="DESKTOP-1QPFEPM" ignored="0" name="Default test" tests="3" failures="0" timestamp="21 Mar 2022 17:33:47 GMT" time="0.142" errors="0">
  <testcase name="firstTestCase" time="0.036" classname="org.hiiii.SampleTest"/>
  <testcase name="secondtTestCase" time="0.008" classname="org.hiiii.SampleTest"/>
  <testcase name="thirdTestCase" time="0.008" classname="org.hiiii.SampleTest"/>
</testsuite> <!-- Default test -->
